# JRE version: OpenJDK Runtime Environment Temurin-17.0.7+7 (17.0.7+7) (build 17.0.7+7)
# Java VM: OpenJDK 64-Bit Server VM Temurin-17.0.7+7 (17.0.7+7, mixed mode, tiered, compressed oops, compressed class ptrs, parallel gc, windows-amd64)
GC Precious Log:
 CPUs: 4 total, 4 available
 Memory: 3975M
 Large Page Support: Disabled
 NUMA Support: Disabled
 Compressed Oops: Enabled (32-bit)
 Alignments: Space 512K, Generation 512K, Heap 2M
 Heap Min Capacity: 100M
 Heap Initial Capacity: 100M
 Heap Max Capacity: 1G
 Pre-touch: Disabled
 Parallel Workers: 4
Heap:
 PSYoungGen      total 31232K, used 23219K [0x00000000eab00000, 0x00000000ed200000, 0x0000000100000000)
  eden space 24576K, 68% used [0x00000000eab00000,0x00000000ebb5fab0,0x00000000ec300000)
  from space 6656K, 96% used [0x00000000ecb80000,0x00000000ed1cd4a8,0x00000000ed200000)
  to   space 7680K, 0% used [0x00000000ec300000,0x00000000ec300000,0x00000000eca80000)
 ParOldGen       total 471552K, used 418438K [0x00000000c0000000, 0x00000000dcc80000, 0x00000000eab00000)
  object space 471552K, 88% used [0x00000000c0000000,0x00000000d98a1958,0x00000000dcc80000)
 Metaspace       used 78517K, committed 79680K, reserved 1179648K
  class space    used 7919K, committed 8448K, reserved 1048576K
GC Heap History (20 events):
Event: 4370.831 GC heap before
{Heap before GC invocations=782 (full 22):
 PSYoungGen      total 27648K, used 27647K [0x00000000eab00000, 0x00000000ed100000, 0x0000000100000000)
  eden space 22528K, 100% used [0x00000000eab00000,0x00000000ec100000,0x00000000ec100000)
  from space 5120K, 99% used [0x00000000ec100000,0x00000000ec5ffda8,0x00000000ec600000)
  to   space 8192K, 0% used [0x00000000ec900000,0x00000000ec900000,0x00000000ed100000)
 ParOldGen       total 409088K, used 386170K [0x00000000c0000000, 0x00000000d8f80000, 0x00000000eab00000)
  object space 409088K, 94% used [0x00000000c0000000,0x00000000d791e868,0x00000000d8f80000)
 Metaspace       used 78510K, committed 79680K, reserved 1179648K
  class space    used 7919K, committed 8448K, reserved 1048576K
}
Event: 4370.839 GC heap after
{Heap after GC invocations=782 (full 22):
 PSYoungGen      total 28672K, used 5722K [0x00000000eab00000, 0x00000000ecf00000, 0x0000000100000000)
  eden space 22528K, 0% used [0x00000000eab00000,0x00000000eab00000,0x00000000ec100000)
  from space 6144K, 93% used [0x00000000ec900000,0x00000000ece96bb0,0x00000000ecf00000)
  to   space 6656K, 0% used [0x00000000ec200000,0x00000000ec200000,0x00000000ec880000)
 ParOldGen       total 409088K, used 389106K [0x00000000c0000000, 0x00000000d8f80000, 0x00000000eab00000)
  object space 409088K, 95% used [0x00000000c0000000,0x00000000d7bfcbe8,0x00000000d8f80000)
 Metaspace       used 78510K, committed 79680K, reserved 1179648K
  class space    used 7919K, committed 8448K, reserved 1048576K
}
Event: 4371.031 GC heap before
{Heap before GC invocations=783 (full 22):
 PSYoungGen      total 28672K, used 28250K [0x00000000eab00000, 0x00000000ecf00000, 0x0000000100000000)
  eden space 22528K, 100% used [0x00000000eab00000,0x00000000ec100000,0x00000000ec100000)
  from space 6144K, 93% used [0x00000000ec900000,0x00000000ece96bb0,0x00000000ecf00000)
  to   space 6656K, 0% used [0x00000000ec200000,0x00000000ec200000,0x00000000ec880000)
 ParOldGen       total 409088K, used 389106K [0x00000000c0000000, 0x00000000d8f80000, 0x00000000eab00000)
  object space 409088K, 95% used [0x00000000c0000000,0x00000000d7bfcbe8,0x00000000d8f80000)
 Metaspace       used 78510K, committed 79680K, reserved 1179648K
  class space    used 7919K, committed 8448K, reserved 1048576K
}
Event: 4371.039 GC heap after
{Heap after GC invocations=783 (full 22):
 PSYoungGen      total 29184K, used 6655K [0x00000000eab00000, 0x00000000ed500000, 0x0000000100000000)
  eden space 22528K, 0% used [0x00000000eab00000,0x00000000eab00000,0x00000000ec100000)
  from space 6656K, 99% used [0x00000000ec200000,0x00000000ec87fdb8,0x00000000ec880000)
  to   space 10240K, 0% used [0x00000000ecb00000,0x00000000ecb00000,0x00000000ed500000)
 ParOldGen       total 409088K, used 391604K [0x00000000c0000000, 0x00000000d8f80000, 0x00000000eab00000)
  object space 409088K, 95% used [0x00000000c0000000,0x00000000d7e6d2e8,0x00000000d8f80000)
 Metaspace       used 78510K, committed 79680K, reserved 1179648K
  class space    used 7919K, committed 8448K, reserved 1048576K
}
Event: 4371.197 GC heap before
{Heap before GC invocations=784 (full 22):
 PSYoungGen      total 29184K, used 29183K [0x00000000eab00000, 0x00000000ed500000, 0x0000000100000000)
  eden space 22528K, 100% used [0x00000000eab00000,0x00000000ec100000,0x00000000ec100000)
  from space 6656K, 99% used [0x00000000ec200000,0x00000000ec87fdb8,0x00000000ec880000)
  to   space 10240K, 0% used [0x00000000ecb00000,0x00000000ecb00000,0x00000000ed500000)
 ParOldGen       total 409088K, used 391604K [0x00000000c0000000, 0x00000000d8f80000, 0x00000000eab00000)
  object space 409088K, 95% used [0x00000000c0000000,0x00000000d7e6d2e8,0x00000000d8f80000)
 Metaspace       used 78510K, committed 79680K, reserved 1179648K
  class space    used 7919K, committed 8448K, reserved 1048576K
}
Event: 4371.207 GC heap after
{Heap after GC invocations=784 (full 22):
 PSYoungGen      total 28672K, used 5734K [0x00000000eab00000, 0x00000000ed100000, 0x0000000100000000)
  eden space 22528K, 0% used [0x00000000eab00000,0x00000000eab00000,0x00000000ec100000)
  from space 6144K, 93% used [0x00000000ecb00000,0x00000000ed099870,0x00000000ed100000)
  to   space 7168K, 0% used [0x00000000ec300000,0x00000000ec300000,0x00000000eca00000)
 ParOldGen       total 409088K, used 395883K [0x00000000c0000000, 0x00000000d8f80000, 0x00000000eab00000)
  object space 409088K, 96% used [0x00000000c0000000,0x00000000d829ad40,0x00000000d8f80000)
 Metaspace       used 78510K, committed 79680K, reserved 1179648K
  class space    used 7919K, committed 8448K, reserved 1048576K
}
Event: 4371.310 GC heap before
{Heap before GC invocations=785 (full 22):
 PSYoungGen      total 28672K, used 28262K [0x00000000eab00000, 0x00000000ed100000, 0x0000000100000000)
  eden space 22528K, 100% used [0x00000000eab00000,0x00000000ec100000,0x00000000ec100000)
  from space 6144K, 93% used [0x00000000ecb00000,0x00000000ed099870,0x00000000ed100000)
  to   space 7168K, 0% used [0x00000000ec300000,0x00000000ec300000,0x00000000eca00000)
 ParOldGen       total 409088K, used 395883K [0x00000000c0000000, 0x00000000d8f80000, 0x00000000eab00000)
  object space 409088K, 96% used [0x00000000c0000000,0x00000000d829ad40,0x00000000d8f80000)
 Metaspace       used 78510K, committed 79680K, reserved 1179648K
  class space    used 7919K, committed 8448K, reserved 1048576K
}
Event: 4371.316 GC heap after
{Heap after GC invocations=785 (full 22):
 PSYoungGen      total 29696K, used 7150K [0x00000000eab00000, 0x00000000ed400000, 0x0000000100000000)
  eden space 22528K, 0% used [0x00000000eab00000,0x00000000eab00000,0x00000000ec100000)
  from space 7168K, 99% used [0x00000000ec300000,0x00000000ec9fbb30,0x00000000eca00000)
  to   space 9728K, 0% used [0x00000000eca80000,0x00000000eca80000,0x00000000ed400000)
 ParOldGen       total 409088K, used 397741K [0x00000000c0000000, 0x00000000d8f80000, 0x00000000eab00000)
  object space 409088K, 97% used [0x00000000c0000000,0x00000000d846b478,0x00000000d8f80000)
 Metaspace       used 78510K, committed 79680K, reserved 1179648K
  class space    used 7919K, committed 8448K, reserved 1048576K
}
Event: 4371.413 GC heap before
{Heap before GC invocations=786 (full 22):
 PSYoungGen      total 29696K, used 29678K [0x00000000eab00000, 0x00000000ed400000, 0x0000000100000000)
  eden space 22528K, 100% used [0x00000000eab00000,0x00000000ec100000,0x00000000ec100000)
  from space 7168K, 99% used [0x00000000ec300000,0x00000000ec9fbb30,0x00000000eca00000)
  to   space 9728K, 0% used [0x00000000eca80000,0x00000000eca80000,0x00000000ed400000)
 ParOldGen       total 409088K, used 397741K [0x00000000c0000000, 0x00000000d8f80000, 0x00000000eab00000)
  object space 409088K, 97% used [0x00000000c0000000,0x00000000d846b478,0x00000000d8f80000)
 Metaspace       used 78510K, committed 79680K, reserved 1179648K
  class space    used 7919K, committed 8448K, reserved 1048576K
}
Event: 4371.422 GC heap after
{Heap after GC invocations=786 (full 22):
 PSYoungGen      total 28672K, used 5771K [0x00000000eab00000, 0x00000000ed080000, 0x0000000100000000)
  eden space 22528K, 0% used [0x00000000eab00000,0x00000000eab00000,0x00000000ec100000)
  from space 6144K, 93% used [0x00000000eca80000,0x00000000ed022db8,0x00000000ed080000)
  to   space 7168K, 0% used [0x00000000ec280000,0x00000000ec280000,0x00000000ec980000)
 ParOldGen       total 409088K, used 402448K [0x00000000c0000000, 0x00000000d8f80000, 0x00000000eab00000)
  object space 409088K, 98% used [0x00000000c0000000,0x00000000d89041e0,0x00000000d8f80000)
 Metaspace       used 78510K, committed 79680K, reserved 1179648K
  class space    used 7919K, committed 8448K, reserved 1048576K
}
Event: 4371.510 GC heap before
{Heap before GC invocations=787 (full 22):
 PSYoungGen      total 28672K, used 28299K [0x00000000eab00000, 0x00000000ed080000, 0x0000000100000000)
  eden space 22528K, 100% used [0x00000000eab00000,0x00000000ec100000,0x00000000ec100000)
  from space 6144K, 93% used [0x00000000eca80000,0x00000000ed022db8,0x00000000ed080000)
  to   space 7168K, 0% used [0x00000000ec280000,0x00000000ec280000,0x00000000ec980000)
 ParOldGen       total 409088K, used 402448K [0x00000000c0000000, 0x00000000d8f80000, 0x00000000eab00000)
  object space 409088K, 98% used [0x00000000c0000000,0x00000000d89041e0,0x00000000d8f80000)
 Metaspace       used 78510K, committed 79680K, reserved 1179648K
  class space    used 7919K, committed 8448K, reserved 1048576K
}
Event: 4371.517 GC heap after
{Heap after GC invocations=787 (full 22):
 PSYoungGen      total 29696K, used 7147K [0x00000000eab00000, 0x00000000ed500000, 0x0000000100000000)
  eden space 22528K, 0% used [0x00000000eab00000,0x00000000eab00000,0x00000000ec100000)
  from space 7168K, 99% used [0x00000000ec280000,0x00000000ec97ada0,0x00000000ec980000)
  to   space 10240K, 0% used [0x00000000ecb00000,0x00000000ecb00000,0x00000000ed500000)
 ParOldGen       total 409088K, used 404567K [0x00000000c0000000, 0x00000000d8f80000, 0x00000000eab00000)
  object space 409088K, 98% used [0x00000000c0000000,0x00000000d8b15d88,0x00000000d8f80000)
 Metaspace       used 78510K, committed 79680K, reserved 1179648K
  class space    used 7919K, committed 8448K, reserved 1048576K
}
Event: 4371.611 GC heap before
{Heap before GC invocations=788 (full 22):
 PSYoungGen      total 29696K, used 29675K [0x00000000eab00000, 0x00000000ed500000, 0x0000000100000000)
  eden space 22528K, 100% used [0x00000000eab00000,0x00000000ec100000,0x00000000ec100000)
  from space 7168K, 99% used [0x00000000ec280000,0x00000000ec97ada0,0x00000000ec980000)
  to   space 10240K, 0% used [0x00000000ecb00000,0x00000000ecb00000,0x00000000ed500000)
 ParOldGen       total 409088K, used 404567K [0x00000000c0000000, 0x00000000d8f80000, 0x00000000eab00000)
  object space 409088K, 98% used [0x00000000c0000000,0x00000000d8b15d88,0x00000000d8f80000)
 Metaspace       used 78510K, committed 79680K, reserved 1179648K
  class space    used 7919K, committed 8448K, reserved 1048576K
}
Event: 4371.620 GC heap after
{Heap after GC invocations=788 (full 22):
 PSYoungGen      total 29184K, used 6278K [0x00000000eab00000, 0x00000000ed180000, 0x0000000100000000)
  eden space 22528K, 0% used [0x00000000eab00000,0x00000000eab00000,0x00000000ec100000)
  from space 6656K, 94% used [0x00000000ecb00000,0x00000000ed1218c8,0x00000000ed180000)
  to   space 7680K, 0% used [0x00000000ec280000,0x00000000ec280000,0x00000000eca00000)
 ParOldGen       total 409088K, used 409071K [0x00000000c0000000, 0x00000000d8f80000, 0x00000000eab00000)
  object space 409088K, 99% used [0x00000000c0000000,0x00000000d8f7bfc8,0x00000000d8f80000)
 Metaspace       used 78510K, committed 79680K, reserved 1179648K
  class space    used 7919K, committed 8448K, reserved 1048576K
}
Event: 4371.620 GC heap before
{Heap before GC invocations=789 (full 23):
 PSYoungGen      total 29184K, used 6278K [0x00000000eab00000, 0x00000000ed180000, 0x0000000100000000)
  eden space 22528K, 0% used [0x00000000eab00000,0x00000000eab00000,0x00000000ec100000)
  from space 6656K, 94% used [0x00000000ecb00000,0x00000000ed1218c8,0x00000000ed180000)
  to   space 7680K, 0% used [0x00000000ec280000,0x00000000ec280000,0x00000000eca00000)
 ParOldGen       total 409088K, used 409071K [0x00000000c0000000, 0x00000000d8f80000, 0x00000000eab00000)
  object space 409088K, 99% used [0x00000000c0000000,0x00000000d8f7bfc8,0x00000000d8f80000)
 Metaspace       used 78510K, committed 79680K, reserved 1179648K
  class space    used 7919K, committed 8448K, reserved 1048576K
}
Event: 4372.157 GC heap after
{Heap after GC invocations=789 (full 23):
 PSYoungGen      total 31232K, used 2083K [0x00000000eab00000, 0x00000000ed200000, 0x0000000100000000)
  eden space 24576K, 0% used [0x00000000eab00000,0x00000000eab00000,0x00000000ec300000)
  from space 6656K, 31% used [0x00000000ecb00000,0x00000000ecd08db0,0x00000000ed180000)
  to   space 7680K, 0% used [0x00000000ec300000,0x00000000ec300000,0x00000000eca80000)
 ParOldGen       total 471552K, used 408693K [0x00000000c0000000, 0x00000000dcc80000, 0x00000000eab00000)
  object space 471552K, 86% used [0x00000000c0000000,0x00000000d8f1d5f0,0x00000000dcc80000)
 Metaspace       used 78510K, committed 79680K, reserved 1179648K
  class space    used 7919K, committed 8448K, reserved 1048576K
}
Event: 4372.241 GC heap before
{Heap before GC invocations=790 (full 23):
 PSYoungGen      total 31232K, used 26659K [0x00000000eab00000, 0x00000000ed200000, 0x0000000100000000)
  eden space 24576K, 100% used [0x00000000eab00000,0x00000000ec300000,0x00000000ec300000)
  from space 6656K, 31% used [0x00000000ecb00000,0x00000000ecd08db0,0x00000000ed180000)
  to   space 7680K, 0% used [0x00000000ec300000,0x00000000ec300000,0x00000000eca80000)
 ParOldGen       total 471552K, used 408693K [0x00000000c0000000, 0x00000000dcc80000, 0x00000000eab00000)
  object space 471552K, 86% used [0x00000000c0000000,0x00000000d8f1d5f0,0x00000000dcc80000)
 Metaspace       used 78514K, committed 79680K, reserved 1179648K
  class space    used 7919K, committed 8448K, reserved 1048576K
}
Event: 4372.279 GC heap after
{Heap after GC invocations=790 (full 23):
 PSYoungGen      total 32256K, used 5846K [0x00000000eab00000, 0x00000000ed200000, 0x0000000100000000)
  eden space 24576K, 0% used [0x00000000eab00000,0x00000000eab00000,0x00000000ec300000)
  from space 7680K, 76% used [0x00000000ec300000,0x00000000ec8b5be0,0x00000000eca80000)
  to   space 6656K, 0% used [0x00000000ecb80000,0x00000000ecb80000,0x00000000ed200000)
 ParOldGen       total 471552K, used 408693K [0x00000000c0000000, 0x00000000dcc80000, 0x00000000eab00000)
  object space 471552K, 86% used [0x00000000c0000000,0x00000000d8f1d5f0,0x00000000dcc80000)
 Metaspace       used 78514K, committed 79680K, reserved 1179648K
  class space    used 7919K, committed 8448K, reserved 1048576K
}
Event: 4372.362 GC heap before
{Heap before GC invocations=791 (full 23):
 PSYoungGen      total 32256K, used 30414K [0x00000000eab00000, 0x00000000ed200000, 0x0000000100000000)
  eden space 24576K, 99% used [0x00000000eab00000,0x00000000ec2fde28,0x00000000ec300000)
  from space 7680K, 76% used [0x00000000ec300000,0x00000000ec8b5be0,0x00000000eca80000)
  to   space 6656K, 0% used [0x00000000ecb80000,0x00000000ecb80000,0x00000000ed200000)
 ParOldGen       total 471552K, used 408693K [0x00000000c0000000, 0x00000000dcc80000, 0x00000000eab00000)
  object space 471552K, 86% used [0x00000000c0000000,0x00000000d8f1d5f0,0x00000000dcc80000)
 Metaspace       used 78514K, committed 79680K, reserved 1179648K
  class space    used 7919K, committed 8448K, reserved 1048576K
}
Event: 4372.391 GC heap after
{Heap after GC invocations=791 (full 23):
 PSYoungGen      total 31232K, used 6636K [0x00000000eab00000, 0x00000000ed200000, 0x0000000100000000)
  eden space 24576K, 0% used [0x00000000eab00000,0x00000000eab00000,0x00000000ec300000)
  from space 6656K, 99% used [0x00000000ecb80000,0x00000000ed1fb398,0x00000000ed200000)
  to   space 7680K, 0% used [0x00000000ec300000,0x00000000ec300000,0x00000000eca80000)
 ParOldGen       total 471552K, used 411419K [0x00000000c0000000, 0x00000000dcc80000, 0x00000000eab00000)
  object space 471552K, 87% used [0x00000000c0000000,0x00000000d91c6ef0,0x00000000dcc80000)
 Metaspace       used 78514K, committed 79680K, reserved 1179648K
  class space    used 7919K, committed 8448K, reserved 1048576K
}

