# JRE version: OpenJDK Runtime Environment Temurin-17.0.7+7 (17.0.7+7) (build 17.0.7+7)
# Java VM: OpenJDK 64-Bit Server VM Temurin-17.0.7+7 (17.0.7+7, mixed mode, tiered, compressed oops, compressed class ptrs, parallel gc, windows-amd64)
GC Precious Log:
 CPUs: 4 total, 4 available
 Memory: 3975M
 Large Page Support: Disabled
 NUMA Support: Disabled
 Compressed Oops: Enabled (32-bit)
 Alignments: Space 512K, Generation 512K, Heap 2M
 Heap Min Capacity: 100M
 Heap Initial Capacity: 100M
 Heap Max Capacity: 1G
 Pre-touch: Disabled
 Parallel Workers: 4
Heap:
 PSYoungGen      total 21504K, used 16911K [0x00000000eab00000, 0x00000000ec200000, 0x0000000100000000)
  eden space 19456K, 78% used [0x00000000eab00000,0x00000000eb9f2d60,0x00000000ebe00000)
  from space 2048K, 78% used [0x00000000ebe00000,0x00000000ebf91210,0x00000000ec000000)
  to   space 2048K, 0% used [0x00000000ec000000,0x00000000ec000000,0x00000000ec200000)
 ParOldGen       total 68608K, used 56749K [0x00000000c0000000, 0x00000000c4300000, 0x00000000eab00000)
  object space 68608K, 82% used [0x00000000c0000000,0x00000000c376b4c8,0x00000000c4300000)
 Metaspace       used 64597K, committed 65728K, reserved 1114112K
  class space    used 6896K, committed 7424K, reserved 1048576K
GC Heap History (20 events):
Event: 40.529 GC heap before
{Heap before GC invocations=37 (full 3):
 PSYoungGen      total 21504K, used 21500K [0x00000000eab00000, 0x00000000ec200000, 0x0000000100000000)
  eden space 20480K, 100% used [0x00000000eab00000,0x00000000ebf00000,0x00000000ebf00000)
  from space 1024K, 99% used [0x00000000ebf00000,0x00000000ebfff088,0x00000000ec000000)
  to   space 1536K, 0% used [0x00000000ec080000,0x00000000ec080000,0x00000000ec200000)
 ParOldGen       total 68608K, used 43745K [0x00000000c0000000, 0x00000000c4300000, 0x00000000eab00000)
  object space 68608K, 63% used [0x00000000c0000000,0x00000000c2ab85a0,0x00000000c4300000)
 Metaspace       used 59832K, committed 61056K, reserved 1114112K
  class space    used 6405K, committed 6976K, reserved 1048576K
}
Event: 40.530 GC heap after
{Heap after GC invocations=37 (full 3):
 PSYoungGen      total 20992K, used 224K [0x00000000eab00000, 0x00000000ec100000, 0x0000000100000000)
  eden space 20480K, 0% used [0x00000000eab00000,0x00000000eab00000,0x00000000ebf00000)
  from space 512K, 43% used [0x00000000ec080000,0x00000000ec0b8000,0x00000000ec100000)
  to   space 1024K, 0% used [0x00000000ebf00000,0x00000000ebf00000,0x00000000ec000000)
 ParOldGen       total 68608K, used 43841K [0x00000000c0000000, 0x00000000c4300000, 0x00000000eab00000)
  object space 68608K, 63% used [0x00000000c0000000,0x00000000c2ad05a0,0x00000000c4300000)
 Metaspace       used 59832K, committed 61056K, reserved 1114112K
  class space    used 6405K, committed 6976K, reserved 1048576K
}
Event: 40.696 GC heap before
{Heap before GC invocations=38 (full 3):
 PSYoungGen      total 20992K, used 20704K [0x00000000eab00000, 0x00000000ec100000, 0x0000000100000000)
  eden space 20480K, 100% used [0x00000000eab00000,0x00000000ebf00000,0x00000000ebf00000)
  from space 512K, 43% used [0x00000000ec080000,0x00000000ec0b8000,0x00000000ec100000)
  to   space 1024K, 0% used [0x00000000ebf00000,0x00000000ebf00000,0x00000000ec000000)
 ParOldGen       total 68608K, used 43841K [0x00000000c0000000, 0x00000000c4300000, 0x00000000eab00000)
  object space 68608K, 63% used [0x00000000c0000000,0x00000000c2ad05a0,0x00000000c4300000)
 Metaspace       used 59860K, committed 61056K, reserved 1114112K
  class space    used 6407K, committed 6976K, reserved 1048576K
}
Event: 40.697 GC heap after
{Heap after GC invocations=38 (full 3):
 PSYoungGen      total 21504K, used 786K [0x00000000eab00000, 0x00000000ec100000, 0x0000000100000000)
  eden space 20480K, 0% used [0x00000000eab00000,0x00000000eab00000,0x00000000ebf00000)
  from space 1024K, 76% used [0x00000000ebf00000,0x00000000ebfc4a68,0x00000000ec000000)
  to   space 1024K, 0% used [0x00000000ec000000,0x00000000ec000000,0x00000000ec100000)
 ParOldGen       total 68608K, used 43985K [0x00000000c0000000, 0x00000000c4300000, 0x00000000eab00000)
  object space 68608K, 64% used [0x00000000c0000000,0x00000000c2af45a0,0x00000000c4300000)
 Metaspace       used 59860K, committed 61056K, reserved 1114112K
  class space    used 6407K, committed 6976K, reserved 1048576K
}
Event: 41.202 GC heap before
{Heap before GC invocations=39 (full 3):
 PSYoungGen      total 21504K, used 21266K [0x00000000eab00000, 0x00000000ec100000, 0x0000000100000000)
  eden space 20480K, 100% used [0x00000000eab00000,0x00000000ebf00000,0x00000000ebf00000)
  from space 1024K, 76% used [0x00000000ebf00000,0x00000000ebfc4a68,0x00000000ec000000)
  to   space 1024K, 0% used [0x00000000ec000000,0x00000000ec000000,0x00000000ec100000)
 ParOldGen       total 68608K, used 43985K [0x00000000c0000000, 0x00000000c4300000, 0x00000000eab00000)
  object space 68608K, 64% used [0x00000000c0000000,0x00000000c2af45a0,0x00000000c4300000)
 Metaspace       used 59889K, committed 61120K, reserved 1114112K
  class space    used 6408K, committed 6976K, reserved 1048576K
}
Event: 41.204 GC heap after
{Heap after GC invocations=39 (full 3):
 PSYoungGen      total 20992K, used 999K [0x00000000eab00000, 0x00000000ec200000, 0x0000000100000000)
  eden space 19968K, 0% used [0x00000000eab00000,0x00000000eab00000,0x00000000ebe80000)
  from space 1024K, 97% used [0x00000000ec000000,0x00000000ec0f9d48,0x00000000ec100000)
  to   space 1536K, 0% used [0x00000000ebe80000,0x00000000ebe80000,0x00000000ec000000)
 ParOldGen       total 68608K, used 44285K [0x00000000c0000000, 0x00000000c4300000, 0x00000000eab00000)
  object space 68608K, 64% used [0x00000000c0000000,0x00000000c2b3f6a0,0x00000000c4300000)
 Metaspace       used 59889K, committed 61120K, reserved 1114112K
  class space    used 6408K, committed 6976K, reserved 1048576K
}
Event: 41.401 GC heap before
{Heap before GC invocations=40 (full 3):
 PSYoungGen      total 20992K, used 20967K [0x00000000eab00000, 0x00000000ec200000, 0x0000000100000000)
  eden space 19968K, 100% used [0x00000000eab00000,0x00000000ebe80000,0x00000000ebe80000)
  from space 1024K, 97% used [0x00000000ec000000,0x00000000ec0f9d48,0x00000000ec100000)
  to   space 1536K, 0% used [0x00000000ebe80000,0x00000000ebe80000,0x00000000ec000000)
 ParOldGen       total 68608K, used 44285K [0x00000000c0000000, 0x00000000c4300000, 0x00000000eab00000)
  object space 68608K, 64% used [0x00000000c0000000,0x00000000c2b3f6a0,0x00000000c4300000)
 Metaspace       used 59951K, committed 61184K, reserved 1114112K
  class space    used 6411K, committed 6976K, reserved 1048576K
}
Event: 41.405 GC heap after
{Heap after GC invocations=40 (full 3):
 PSYoungGen      total 21504K, used 1527K [0x00000000eab00000, 0x00000000ec680000, 0x0000000100000000)
  eden space 19968K, 0% used [0x00000000eab00000,0x00000000eab00000,0x00000000ebe80000)
  from space 1536K, 99% used [0x00000000ebe80000,0x00000000ebffdfd8,0x00000000ec000000)
  to   space 4096K, 0% used [0x00000000ec280000,0x00000000ec280000,0x00000000ec680000)
 ParOldGen       total 68608K, used 46260K [0x00000000c0000000, 0x00000000c4300000, 0x00000000eab00000)
  object space 68608K, 67% used [0x00000000c0000000,0x00000000c2d2d0a0,0x00000000c4300000)
 Metaspace       used 59951K, committed 61184K, reserved 1114112K
  class space    used 6411K, committed 6976K, reserved 1048576K
}
Event: 41.819 GC heap before
{Heap before GC invocations=41 (full 3):
 PSYoungGen      total 21504K, used 21495K [0x00000000eab00000, 0x00000000ec680000, 0x0000000100000000)
  eden space 19968K, 100% used [0x00000000eab00000,0x00000000ebe80000,0x00000000ebe80000)
  from space 1536K, 99% used [0x00000000ebe80000,0x00000000ebffdfd8,0x00000000ec000000)
  to   space 4096K, 0% used [0x00000000ec280000,0x00000000ec280000,0x00000000ec680000)
 ParOldGen       total 68608K, used 46260K [0x00000000c0000000, 0x00000000c4300000, 0x00000000eab00000)
  object space 68608K, 67% used [0x00000000c0000000,0x00000000c2d2d0a0,0x00000000c4300000)
 Metaspace       used 59960K, committed 61184K, reserved 1114112K
  class space    used 6411K, committed 6976K, reserved 1048576K
}
Event: 41.822 GC heap after
{Heap after GC invocations=41 (full 3):
 PSYoungGen      total 22528K, used 2201K [0x00000000eab00000, 0x00000000ec500000, 0x0000000100000000)
  eden space 19968K, 0% used [0x00000000eab00000,0x00000000eab00000,0x00000000ebe80000)
  from space 2560K, 85% used [0x00000000ec280000,0x00000000ec4a6428,0x00000000ec500000)
  to   space 3072K, 0% used [0x00000000ebf00000,0x00000000ebf00000,0x00000000ec200000)
 ParOldGen       total 68608K, used 47780K [0x00000000c0000000, 0x00000000c4300000, 0x00000000eab00000)
  object space 68608K, 69% used [0x00000000c0000000,0x00000000c2ea9228,0x00000000c4300000)
 Metaspace       used 59960K, committed 61184K, reserved 1114112K
  class space    used 6411K, committed 6976K, reserved 1048576K
}
Event: 41.926 GC heap before
{Heap before GC invocations=42 (full 3):
 PSYoungGen      total 22528K, used 22119K [0x00000000eab00000, 0x00000000ec500000, 0x0000000100000000)
  eden space 19968K, 99% used [0x00000000eab00000,0x00000000ebe73988,0x00000000ebe80000)
  from space 2560K, 85% used [0x00000000ec280000,0x00000000ec4a6428,0x00000000ec500000)
  to   space 3072K, 0% used [0x00000000ebf00000,0x00000000ebf00000,0x00000000ec200000)
 ParOldGen       total 68608K, used 47780K [0x00000000c0000000, 0x00000000c4300000, 0x00000000eab00000)
  object space 68608K, 69% used [0x00000000c0000000,0x00000000c2ea9228,0x00000000c4300000)
 Metaspace       used 59979K, committed 61184K, reserved 1114112K
  class space    used 6411K, committed 6976K, reserved 1048576K
}
Event: 41.929 GC heap after
{Heap after GC invocations=42 (full 3):
 PSYoungGen      total 22016K, used 1993K [0x00000000eab00000, 0x00000000ec380000, 0x0000000100000000)
  eden space 19968K, 0% used [0x00000000eab00000,0x00000000eab00000,0x00000000ebe80000)
  from space 2048K, 97% used [0x00000000ebf00000,0x00000000ec0f2478,0x00000000ec100000)
  to   space 2560K, 0% used [0x00000000ec100000,0x00000000ec100000,0x00000000ec380000)
 ParOldGen       total 68608K, used 49853K [0x00000000c0000000, 0x00000000c4300000, 0x00000000eab00000)
  object space 68608K, 72% used [0x00000000c0000000,0x00000000c30af598,0x00000000c4300000)
 Metaspace       used 59979K, committed 61184K, reserved 1114112K
  class space    used 6411K, committed 6976K, reserved 1048576K
}
Event: 42.683 GC heap before
{Heap before GC invocations=43 (full 3):
 PSYoungGen      total 22016K, used 21961K [0x00000000eab00000, 0x00000000ec380000, 0x0000000100000000)
  eden space 19968K, 100% used [0x00000000eab00000,0x00000000ebe80000,0x00000000ebe80000)
  from space 2048K, 97% used [0x00000000ebf00000,0x00000000ec0f2478,0x00000000ec100000)
  to   space 2560K, 0% used [0x00000000ec100000,0x00000000ec100000,0x00000000ec380000)
 ParOldGen       total 68608K, used 49853K [0x00000000c0000000, 0x00000000c4300000, 0x00000000eab00000)
  object space 68608K, 72% used [0x00000000c0000000,0x00000000c30af598,0x00000000c4300000)
 Metaspace       used 60993K, committed 62208K, reserved 1114112K
  class space    used 6569K, committed 7104K, reserved 1048576K
}
Event: 42.693 GC heap after
{Heap after GC invocations=43 (full 3):
 PSYoungGen      total 22016K, used 2515K [0x00000000eab00000, 0x00000000ec480000, 0x0000000100000000)
  eden space 19456K, 0% used [0x00000000eab00000,0x00000000eab00000,0x00000000ebe00000)
  from space 2560K, 98% used [0x00000000ec100000,0x00000000ec374f98,0x00000000ec380000)
  to   space 3072K, 0% used [0x00000000ebe00000,0x00000000ebe00000,0x00000000ec100000)
 ParOldGen       total 68608K, used 51790K [0x00000000c0000000, 0x00000000c4300000, 0x00000000eab00000)
  object space 68608K, 75% used [0x00000000c0000000,0x00000000c3293ba8,0x00000000c4300000)
 Metaspace       used 60993K, committed 62208K, reserved 1114112K
  class space    used 6569K, committed 7104K, reserved 1048576K
}
Event: 43.072 GC heap before
{Heap before GC invocations=44 (full 3):
 PSYoungGen      total 22016K, used 21971K [0x00000000eab00000, 0x00000000ec480000, 0x0000000100000000)
  eden space 19456K, 100% used [0x00000000eab00000,0x00000000ebe00000,0x00000000ebe00000)
  from space 2560K, 98% used [0x00000000ec100000,0x00000000ec374f98,0x00000000ec380000)
  to   space 3072K, 0% used [0x00000000ebe00000,0x00000000ebe00000,0x00000000ec100000)
 ParOldGen       total 68608K, used 51790K [0x00000000c0000000, 0x00000000c4300000, 0x00000000eab00000)
  object space 68608K, 75% used [0x00000000c0000000,0x00000000c3293ba8,0x00000000c4300000)
 Metaspace       used 61479K, committed 62656K, reserved 1114112K
  class space    used 6602K, committed 7168K, reserved 1048576K
}
Event: 43.077 GC heap after
{Heap after GC invocations=44 (full 3):
 PSYoungGen      total 20992K, used 1121K [0x00000000eab00000, 0x00000000ec200000, 0x0000000100000000)
  eden space 19456K, 0% used [0x00000000eab00000,0x00000000eab00000,0x00000000ebe00000)
  from space 1536K, 72% used [0x00000000ebe00000,0x00000000ebf18510,0x00000000ebf80000)
  to   space 2048K, 0% used [0x00000000ec000000,0x00000000ec000000,0x00000000ec200000)
 ParOldGen       total 68608K, used 54238K [0x00000000c0000000, 0x00000000c4300000, 0x00000000eab00000)
  object space 68608K, 79% used [0x00000000c0000000,0x00000000c34f7bc0,0x00000000c4300000)
 Metaspace       used 61479K, committed 62656K, reserved 1114112K
  class space    used 6602K, committed 7168K, reserved 1048576K
}
Event: 43.908 GC heap before
{Heap before GC invocations=45 (full 3):
 PSYoungGen      total 20992K, used 20577K [0x00000000eab00000, 0x00000000ec200000, 0x0000000100000000)
  eden space 19456K, 100% used [0x00000000eab00000,0x00000000ebe00000,0x00000000ebe00000)
  from space 1536K, 72% used [0x00000000ebe00000,0x00000000ebf18510,0x00000000ebf80000)
  to   space 2048K, 0% used [0x00000000ec000000,0x00000000ec000000,0x00000000ec200000)
 ParOldGen       total 68608K, used 54238K [0x00000000c0000000, 0x00000000c4300000, 0x00000000eab00000)
  object space 68608K, 79% used [0x00000000c0000000,0x00000000c34f7bc0,0x00000000c4300000)
 Metaspace       used 62453K, committed 63552K, reserved 1114112K
  class space    used 6703K, committed 7232K, reserved 1048576K
}
Event: 43.912 GC heap after
{Heap after GC invocations=45 (full 3):
 PSYoungGen      total 21504K, used 1589K [0x00000000eab00000, 0x00000000ec200000, 0x0000000100000000)
  eden space 19456K, 0% used [0x00000000eab00000,0x00000000eab00000,0x00000000ebe00000)
  from space 2048K, 77% used [0x00000000ec000000,0x00000000ec18d780,0x00000000ec200000)
  to   space 2048K, 0% used [0x00000000ebe00000,0x00000000ebe00000,0x00000000ec000000)
 ParOldGen       total 68608K, used 55214K [0x00000000c0000000, 0x00000000c4300000, 0x00000000eab00000)
  object space 68608K, 80% used [0x00000000c0000000,0x00000000c35eb968,0x00000000c4300000)
 Metaspace       used 62453K, committed 63552K, reserved 1114112K
  class space    used 6703K, committed 7232K, reserved 1048576K
}
Event: 46.644 GC heap before
{Heap before GC invocations=46 (full 3):
 PSYoungGen      total 21504K, used 21045K [0x00000000eab00000, 0x00000000ec200000, 0x0000000100000000)
  eden space 19456K, 100% used [0x00000000eab00000,0x00000000ebe00000,0x00000000ebe00000)
  from space 2048K, 77% used [0x00000000ec000000,0x00000000ec18d780,0x00000000ec200000)
  to   space 2048K, 0% used [0x00000000ebe00000,0x00000000ebe00000,0x00000000ec000000)
 ParOldGen       total 68608K, used 55214K [0x00000000c0000000, 0x00000000c4300000, 0x00000000eab00000)
  object space 68608K, 80% used [0x00000000c0000000,0x00000000c35eb968,0x00000000c4300000)
 Metaspace       used 64483K, committed 65664K, reserved 1114112K
  class space    used 6896K, committed 7424K, reserved 1048576K
}
Event: 46.657 GC heap after
{Heap after GC invocations=46 (full 3):
 PSYoungGen      total 21504K, used 1604K [0x00000000eab00000, 0x00000000ec200000, 0x0000000100000000)
  eden space 19456K, 0% used [0x00000000eab00000,0x00000000eab00000,0x00000000ebe00000)
  from space 2048K, 78% used [0x00000000ebe00000,0x00000000ebf91210,0x00000000ec000000)
  to   space 2048K, 0% used [0x00000000ec000000,0x00000000ec000000,0x00000000ec200000)
 ParOldGen       total 68608K, used 56749K [0x00000000c0000000, 0x00000000c4300000, 0x00000000eab00000)
  object space 68608K, 82% used [0x00000000c0000000,0x00000000c376b4c8,0x00000000c4300000)
 Metaspace       used 64483K, committed 65664K, reserved 1114112K
  class space    used 6896K, committed 7424K, reserved 1048576K
}

